[debug] [2024-07-13T17:12:06.661Z] ----------------------------------------------------------------------
[debug] [2024-07-13T17:12:06.664Z] Command:       C:\Program Files\nodejs\node.exe C:\Users\naman\AppData\Roaming\npm\node_modules\firebase-tools\lib\bin\firebase.js init
[debug] [2024-07-13T17:12:06.664Z] CLI Version:   13.13.2
[debug] [2024-07-13T17:12:06.665Z] Platform:      win32
[debug] [2024-07-13T17:12:06.665Z] Node Version:  v20.13.1
[debug] [2024-07-13T17:12:06.665Z] Time:          Sat Jul 13 2024 22:42:06 GMT+0530 (India Standard Time)
[debug] [2024-07-13T17:12:06.665Z] ----------------------------------------------------------------------
[debug] 
[debug] [2024-07-13T17:12:06.740Z] > command requires scopes: ["email","openid","https://www.googleapis.com/auth/cloudplatformprojects.readonly","https://www.googleapis.com/auth/firebase","https://www.googleapis.com/auth/cloud-platform"]
[debug] [2024-07-13T17:12:06.741Z] > authorizing via signed-in user (namansingh1460@gmail.com)
[info] 
     ######## #### ########  ######## ########     ###     ######  ########
     ##        ##  ##     ## ##       ##     ##  ##   ##  ##       ##
     ######    ##  ########  ######   ########  #########  ######  ######
     ##        ##  ##    ##  ##       ##     ## ##     ##       ## ##
     ##       #### ##     ## ######## ########  ##     ##  ######  ########

You're about to initialize a Firebase project in this directory:

  C:\Users\naman\Desktop\HIMYM

Before we get started, keep in mind:

  * You are initializing within an existing Firebase project directory

[info] 
=== Project Setup
[info] 
[info] First, let's associate this project directory with a Firebase project.
[info] You can create multiple project aliases by running firebase use --add, 
[info] but for now we'll just set up a default project.
[info] 
[debug] [2024-07-13T17:32:05.029Z] Using project from CLI flag: letsthango
[debug] [2024-07-13T17:32:05.030Z] >>> [apiv2][query] GET https://firebase.googleapis.com/v1beta1/projects/letsthango [none]
[debug] [2024-07-13T17:32:05.731Z] <<< [apiv2][status] GET https://firebase.googleapis.com/v1beta1/projects/letsthango 403
[debug] [2024-07-13T17:32:05.731Z] <<< [apiv2][body] GET https://firebase.googleapis.com/v1beta1/projects/letsthango {"error":{"code":403,"message":"The caller does not have permission","status":"PERMISSION_DENIED"}}
[debug] [2024-07-13T17:32:05.732Z] HTTP Error: 403, The caller does not have permission
[debug] [2024-07-13T17:32:06.011Z] FirebaseError: HTTP Error: 403, The caller does not have permission
    at responseToError (C:\Users\naman\AppData\Roaming\npm\node_modules\firebase-tools\lib\responseToError.js:49:12)
    at RetryOperation._fn (C:\Users\naman\AppData\Roaming\npm\node_modules\firebase-tools\lib\apiv2.js:305:77)
    at process.processTicksAndRejections (node:internal/process/task_queues:95:5)
[error] 
[error] Error: Failed to get Firebase project letsthango. Please make sure the project exists and your account has permission to access it.
